The system is: Windows - 10.0.19042 - AMD64
Compiling the C compiler identification source file "CMakeCCompilerId.c" succeeded.
Compiler: E:/VS2017C/VC/Tools/MSVC/14.16.27023/bin/Hostx86/x86/cl.exe 
Build flags: 
Id flags:  

The output was:
0
x86 için Microsoft (R) C/C++ Iyilestirmeli Derleyicisi Sürüm 19.16.27045
Telif Hakki (C) Microsoft Corporation. Tüm haklari saklidir.

CMakeCCompilerId.c
Microsoft (R) Incremental Linker Version 14.16.27045.0
Copyright (C) Microsoft Corporation.  All rights reserved.

/out:CMakeCCompilerId.exe 
CMakeCCompilerId.obj 


Compilation of the C compiler identification source "CMakeCCompilerId.c" produced "CMakeCCompilerId.exe"

Compilation of the C compiler identification source "CMakeCCompilerId.c" produced "CMakeCCompilerId.obj"

The C compiler identification is MSVC, found in "C:/Users/Burak/CLionProjects/k8deployment-new/cmake-build-debug/CMakeFiles/3.19.2/CompilerIdC/CMakeCCompilerId.exe"

Detecting C compiler ABI info compiled with the following output:
Change Dir: C:/Users/Burak/CLionProjects/k8deployment-new/cmake-build-debug/CMakeFiles/CMakeTmp

Run Build Command(s):nmake /nologo cmTC_dfbb1\fast && 	E:\VS2017C\VC\Tools\MSVC\14.16.27023\bin\HostX86\x86\nmake.exe  -f CMakeFiles\cmTC_dfbb1.dir\build.make /nologo -L                  CMakeFiles\cmTC_dfbb1.dir\build
Building C object CMakeFiles/cmTC_dfbb1.dir/CMakeCCompilerABI.c.obj
	E:\VS2017C\VC\Tools\MSVC\14.16.27023\bin\Hostx86\x86\cl.exe @C:\Users\Burak\AppData\Local\Temp\nm6E79.tmp
CMakeCCompilerABI.c
Linking C executable cmTC_dfbb1.exe
	E:\Jetbrains\toolbox\apps\CLion\ch-0\211.7442.42\bin\cmake\win\bin\cmake.exe -E vs_link_exe --intdir=CMakeFiles\cmTC_dfbb1.dir --rc="E:\Windows Kits\10\bin\10.0.17763.0\x86\rc.exe" --mt="E:\Windows Kits\10\bin\10.0.17763.0\x86\mt.exe" --manifests -- E:\VS2017C\VC\Tools\MSVC\14.16.27023\bin\Hostx86\x86\link.exe /nologo @CMakeFiles\cmTC_dfbb1.dir\objects1.rsp @C:\Users\Burak\AppData\Local\Temp\nm7437.tmp



