The system is: Windows - 10.0.19042 - AMD64
Compiling the C compiler identification source file "CMakeCCompilerId.c" succeeded.
Compiler:  
Build flags: 
Id flags:  

The output was:
0
Microsoft (R) Build Engine version 15.9.21+g9802d43bc3 for .NET Framework
Copyright (C) Microsoft Corporation. All rights reserved.

Build started 11.08.2021 22:18:42.
Project "C:\Users\Burak\CLionProjects\k8deployment-new\build\CMakeFiles\3.20.3\CompilerIdC\CompilerIdC.vcxproj" on node 1 (default targets).
PrepareForBuild:
  Creating directory "Debug\".
  Creating directory "Debug\CompilerIdC.tlog\".
InitializeBuildStatus:
  Creating "Debug\CompilerIdC.tlog\unsuccessfulbuild" because "AlwaysCreate" was specified.
ClCompile:
  E:\VS2017C\VC\Tools\MSVC\14.16.27023\bin\HostX86\x64\CL.exe /c /nologo /W0 /WX- /diagnostics:classic /Od /D _MBCS /Gm- /EHsc /RTC1 /MDd /GS /fp:precise /Zc:wchar_t /Zc:forScope /Zc:inline /Fo"Debug\\" /Fd"Debug\vc141.pdb" /Gd /TC /FC /errorReport:queue "CMakeCCompilerId.c"
  CMakeCCompilerId.c
Link:
  E:\VS2017C\VC\Tools\MSVC\14.16.27023\bin\HostX86\x64\link.exe /ERRORREPORT:QUEUE /OUT:".\CompilerIdC.exe" /INCREMENTAL:NO /NOLOGO kernel32.lib user32.lib gdi32.lib winspool.lib comdlg32.lib advapi32.lib shell32.lib ole32.lib oleaut32.lib uuid.lib odbc32.lib odbccp32.lib /MANIFEST /MANIFESTUAC:"level='asInvoker' uiAccess='false'" /manifest:embed /PDB:".\CompilerIdC.pdb" /SUBSYSTEM:CONSOLE /TLBID:1 /DYNAMICBASE /NXCOMPAT /IMPLIB:".\CompilerIdC.lib" /MACHINE:X64 "Debug\CMakeCCompilerId.obj"
  CompilerIdC.vcxproj -> C:\Users\Burak\CLionProjects\k8deployment-new\build\CMakeFiles\3.20.3\CompilerIdC\.\CompilerIdC.exe
PostBuildEvent:
  for %%i in (cl.exe) do @echo CMAKE_C_COMPILER=%%~$PATH:i
  :VCEnd
  CMAKE_C_COMPILER=E:\VS2017C\VC\Tools\MSVC\14.16.27023\bin\Hostx86\x64\cl.exe
FinalizeBuildStatus:
  Deleting file "Debug\CompilerIdC.tlog\unsuccessfulbuild".
  Touching "Debug\CompilerIdC.tlog\CompilerIdC.lastbuildstate".
Done Building Project "C:\Users\Burak\CLionProjects\k8deployment-new\build\CMakeFiles\3.20.3\CompilerIdC\CompilerIdC.vcxproj" (default targets).

Build succeeded.
    0 Warning(s)
    0 Error(s)

Time Elapsed 00:00:00.95


Compilation of the C compiler identification source "CMakeCCompilerId.c" produced "CompilerIdC.exe"

Compilation of the C compiler identification source "CMakeCCompilerId.c" produced "CompilerIdC.vcxproj"

The C compiler identification is MSVC, found in "C:/Users/Burak/CLionProjects/k8deployment-new/build/CMakeFiles/3.20.3/CompilerIdC/CompilerIdC.exe"

Detecting C compiler ABI info compiled with the following output:
Change Dir: C:/Users/Burak/CLionProjects/k8deployment-new/build/CMakeFiles/CMakeTmp

Run Build Command(s):E:/VS2017C/MSBuild/15.0/Bin/MSBuild.exe cmTC_f1a3d.vcxproj /p:Configuration=Debug /p:Platform=x64 /p:VisualStudioVersion=15.0 /v:m && Microsoft (R) Build Engine version 15.9.21+g9802d43bc3 for .NET Framework
Copyright (C) Microsoft Corporation. All rights reserved.

  x64 için Microsoft (R) C/C++ Iyilestirmeli Derleyicisi Sürüm 19.16.27045
  Telif Hakki (C) Microsoft Corporation. Tüm haklari saklidir.
  
  cl /c /Zi /W1 /WX- /diagnostics:classic /Od /Ob0 /D "WIN32" /D "_WINDOWS" /D "CMAKE_INTDIR=\"Debug\"" /D _MBCS /Gm- /RTC1 /MDd /GS /fp:precise /Zc:wchar_t /Zc:forScope /Zc:inline /Fo"cmTC_f1a3d.dir\Debug\\" /Fd"cmTC_f1a3d.dir\Debug\vc141.pdb" /Gd /TC /errorReport:queue "C:\Program Files\CMake\share\cmake-3.20\Modules\CMakeCCompilerABI.c"
  CMakeCCompilerABI.c
  
  cmTC_f1a3d.vcxproj -> C:\Users\Burak\CLionProjects\k8deployment-new\build\CMakeFiles\CMakeTmp\Debug\cmTC_f1a3d.exe



